[   10672ms] [INFO] %cDownload the React DevTools for a better development experience: https://react.dev/link/react-devtools font-weight:bold @ http://localhost:3000/_next/static/chunks/node_modules_next_dist_115brz8._.js:2477
[   10757ms] [LOG] [HMR] connected @ http://localhost:3000/_next/static/chunks/node_modules_next_dist_115brz8._.js:2477
[   10895ms] [LOG] [Fast Refresh] rebuilding @ http://localhost:3000/_next/static/chunks/node_modules_next_dist_115brz8._.js:2477
[   12066ms] [LOG] [Fast Refresh] done in 1273ms @ http://localhost:3000/_next/static/chunks/node_modules_next_dist_115brz8._.js:2477
[   15075ms] [LOG] [Fast Refresh] rebuilding @ http://localhost:3000/_next/static/chunks/node_modules_next_dist_115brz8._.js:2477
[   15950ms] [LOG] [Fast Refresh] done in 956ms @ http://localhost:3000/_next/static/chunks/node_modules_next_dist_115brz8._.js:2477
[   16053ms] [LOG] [Fast Refresh] rebuilding @ http://localhost:3000/_next/static/chunks/node_modules_next_dist_115brz8._.js:2477
[   16056ms] [LOG] [Fast Refresh] done in 105ms @ http://localhost:3000/_next/static/chunks/node_modules_next_dist_115brz8._.js:2477
[   16348ms] [ERROR] Failed to load resource: net::ERR_FILE_NOT_FOUND @ file:///E:/Pranav/InternshipFreelancing/Pausible/c684dc06-3aff-4994-99a9-8d870a5b810e:0
[   16348ms] [ERROR] Failed to load resource: net::ERR_FILE_NOT_FOUND @ file:///E:/Pranav/InternshipFreelancing/Pausible/d30fa563-1750-4a60-8470-6de1864a2672:0
[   16348ms] [ERROR] Failed to load resource: net::ERR_FILE_NOT_FOUND @ file:///E:/Pranav/InternshipFreelancing/Pausible/5c63bd28-6418-4f84-82f4-c0c67e5b1a90:0
[   16348ms] [ERROR] Failed to load resource: net::ERR_FILE_NOT_FOUND @ file:///E:/Pranav/InternshipFreelancing/Pausible/d928dc51-4230-42f2-a516-3e19ab53c60b:0
[   16348ms] [ERROR] Failed to load resource: net::ERR_FILE_NOT_FOUND @ file:///E:/Pranav/InternshipFreelancing/Pausible/dc467726-6082-4c0c-bf94-3211dc1bdd05:0
[   16349ms] [ERROR] Failed to load resource: net::ERR_FILE_NOT_FOUND @ file:///E:/Pranav/InternshipFreelancing/Pausible/c16c067b-3937-445e-8fc5-5bc16e43fc59:0
[   16349ms] [ERROR] Failed to load resource: net::ERR_FILE_NOT_FOUND @ file:///E:/Pranav/InternshipFreelancing/Pausible/448cc91e-0ea4-49b9-b54e-975ae70c54e5:0
[   16349ms] [ERROR] Failed to load resource: net::ERR_FILE_NOT_FOUND @ file:///E:/Pranav/InternshipFreelancing/Pausible/85542a0f-0282-4231-bf85-30ef91bc9abe:0
[   16350ms] [ERROR] Failed to load resource: net::ERR_FILE_NOT_FOUND @ file:///E:/Pranav/InternshipFreelancing/Pausible/94a90d0a-891d-4a56-b00a-489b0faed565:0
[   16355ms] [ERROR] Failed to load resource: net::ERR_FILE_NOT_FOUND @ file:///E:/Pranav/InternshipFreelancing/Pausible/5c63bd28-6418-4f84-82f4-c0c67e5b1a90:0
[   16355ms] [ERROR] Failed to load resource: net::ERR_FILE_NOT_FOUND @ file:///E:/Pranav/InternshipFreelancing/Pausible/d928dc51-4230-42f2-a516-3e19ab53c60b:0
[   16355ms] [ERROR] Failed to load resource: net::ERR_FILE_NOT_FOUND @ file:///E:/Pranav/InternshipFreelancing/Pausible/dc467726-6082-4c0c-bf94-3211dc1bdd05:0
[   16355ms] [ERROR] Failed to load resource: net::ERR_FILE_NOT_FOUND @ file:///E:/Pranav/InternshipFreelancing/Pausible/c16c067b-3937-445e-8fc5-5bc16e43fc59:0
[   16356ms] [ERROR] Failed to load resource: net::ERR_FILE_NOT_FOUND @ file:///E:/Pranav/InternshipFreelancing/Pausible/448cc91e-0ea4-49b9-b54e-975ae70c54e5:0
[   16356ms] [ERROR] Failed to load resource: net::ERR_FILE_NOT_FOUND @ file:///E:/Pranav/InternshipFreelancing/Pausible/85542a0f-0282-4231-bf85-30ef91bc9abe:0
[   16356ms] [ERROR] Failed to load resource: net::ERR_FILE_NOT_FOUND @ file:///E:/Pranav/InternshipFreelancing/Pausible/d30fa563-1750-4a60-8470-6de1864a2672:0
[   16356ms] [ERROR] Failed to load resource: net::ERR_FILE_NOT_FOUND @ file:///E:/Pranav/InternshipFreelancing/Pausible/c684dc06-3aff-4994-99a9-8d870a5b810e:0
[   16464ms] [ERROR] Failed to load resource: net::ERR_FILE_NOT_FOUND @ file:///E:/Pranav/InternshipFreelancing/Pausible/41450fa1-af5c-4700-a04b-db13bbbc2a7b:0
